<?xml version="1.0" encoding="UTF-8"?>
<testsuite name="com.archetype.webapp.controller.UserFormControllerTest" time="2.464" tests="9" errors="0" skipped="0" failures="0">
  <properties>
[...]
</properties>
  <testcase name="testAdd" classname="com.archetype.webapp.controller.UserFormControllerTest" time="1.178"/>
  <testcase name="testAddWithMissingFields" classname="com.archetype.webapp.controller.UserFormControllerTest" time="0.04"/>
  <testcase name="testAddWithoutPermission" classname="com.archetype.webapp.controller.UserFormControllerTest" time="0.171"/>
  <testcase name="testEdit" classname="com.archetype.webapp.controller.UserFormControllerTest" time="0.169"/>
  <testcase name="testSave" classname="com.archetype.webapp.controller.UserFormControllerTest" time="0.398"/>
  <testcase name="testEditWithoutPermission" classname="com.archetype.webapp.controller.UserFormControllerTest" time="0.176"/>
  <testcase name="testEditProfile" classname="com.archetype.webapp.controller.UserFormControllerTest" time="0.153"/>
  <testcase name="testCancel" classname="com.archetype.webapp.controller.UserFormControllerTest" time="0.014"/>
  <testcase name="testRemove" classname="com.archetype.webapp.controller.UserFormControllerTest" time="0.165"/>
</testsuite>